  LevelGraphics.cpp
C:\Users\student-168\Desktop\Assignment-2\Source\LevelGraphics.cpp(15,47): warning C4838: conversion from 'int' to 'float' requires a narrowing conversion
C:\Users\student-168\Desktop\Assignment-2\Source\LevelGraphics.cpp(15,47): warning C4244: 'initializing': conversion from 'int' to 'float', possible loss of data
C:\Users\student-168\Desktop\Assignment-2\Source\LevelGraphics.cpp(15,68): warning C4838: conversion from 'int' to 'float' requires a narrowing conversion
C:\Users\student-168\Desktop\Assignment-2\Source\LevelGraphics.cpp(15,68): warning C4244: 'initializing': conversion from 'int' to 'float', possible loss of data
C:\Users\student-168\Desktop\Assignment-2\Source\LevelGraphics.cpp(16,47): warning C4838: conversion from 'int' to 'float' requires a narrowing conversion
C:\Users\student-168\Desktop\Assignment-2\Source\LevelGraphics.cpp(16,47): warning C4244: 'initializing': conversion from 'int' to 'float', possible loss of data
C:\Users\student-168\Desktop\Assignment-2\Source\LevelGraphics.cpp(16,68): warning C4838: conversion from 'int' to 'float' requires a narrowing conversion
C:\Users\student-168\Desktop\Assignment-2\Source\LevelGraphics.cpp(16,68): warning C4244: 'initializing': conversion from 'int' to 'float', possible loss of data
C:\Users\student-168\Desktop\Assignment-2\Source\LevelGraphics.cpp(19,61): warning C4244: 'argument': conversion from 'int' to 'float', possible loss of data
C:\Users\student-168\Desktop\Assignment-2\Source\LevelGraphics.cpp(20,61): warning C4244: 'argument': conversion from 'int' to 'float', possible loss of data
C:\Users\student-168\Desktop\Assignment-2\Source\LevelGraphics.cpp(21,61): warning C4244: 'argument': conversion from 'int' to 'float', possible loss of data
C:\Users\student-168\Desktop\Assignment-2\Source\LevelGraphics.cpp(22,61): warning C4244: 'argument': conversion from 'int' to 'float', possible loss of data
C:\Users\student-168\Desktop\Assignment-2\Source\LevelGraphics.cpp(41,81): warning C4244: 'argument': conversion from 'float' to 'int', possible loss of data
C:\Users\student-168\Desktop\Assignment-2\Source\LevelGraphics.cpp(41,56): warning C4244: 'argument': conversion from 'float' to 'int', possible loss of data
C:\Users\student-168\Desktop\Assignment-2\Source\LevelGraphics.cpp(42,81): warning C4244: 'argument': conversion from 'float' to 'int', possible loss of data
C:\Users\student-168\Desktop\Assignment-2\Source\LevelGraphics.cpp(42,56): warning C4244: 'argument': conversion from 'float' to 'int', possible loss of data
  ResourceManager.cpp
  Generating Code...
  raylib_template.vcxproj -> C:\Users\student-168\Desktop\Assignment-2\Build\Debug\raylib_template.exe
